0 silly argv {
0 silly argv   _: [ 'add' ],
0 silly argv   globs: [],
0 silly argv   lernaVersion: '3.20.2',
0 silly argv   '$0': 'lerna',
0 silly argv   pkg: '@aurelia-ej2-bridge/aurelia-ej-2-bridge-demo-plugin'
0 silly argv }
1 notice cli v3.20.2
2 verbose rootPath /Users/david/Projects/aurelia-ej2-bridge
3 info versioning independent
4 error TypeError: Invalid comparator: file:../aurelia-ej-2-bridge-demo-plugin
4 error     at Comparator.parse (/Users/david/.nvm/versions/node/v12.16.1/lib/node_modules/lerna/node_modules/semver/semver.js:794:11)
4 error     at new Comparator (/Users/david/.nvm/versions/node/v12.16.1/lib/node_modules/lerna/node_modules/semver/semver.js:777:8)
4 error     at Range.<anonymous> (/Users/david/.nvm/versions/node/v12.16.1/lib/node_modules/lerna/node_modules/semver/semver.js:975:12)
4 error     at Array.map (<anonymous>)
4 error     at Range.parseRange (/Users/david/.nvm/versions/node/v12.16.1/lib/node_modules/lerna/node_modules/semver/semver.js:974:13)
4 error     at Range.<anonymous> (/Users/david/.nvm/versions/node/v12.16.1/lib/node_modules/lerna/node_modules/semver/semver.js:917:17)
4 error     at Array.map (<anonymous>)
4 error     at new Range (/Users/david/.nvm/versions/node/v12.16.1/lib/node_modules/lerna/node_modules/semver/semver.js:916:40)
4 error     at Function.intersects (/Users/david/.nvm/versions/node/v12.16.1/lib/node_modules/lerna/node_modules/semver/semver.js:1542:8)
4 error     at getRangeToReference (/Users/david/.nvm/versions/node/v12.16.1/lib/node_modules/lerna/node_modules/@lerna/add/lib/get-range-to-reference.js:18:35)
4 error     at /Users/david/.nvm/versions/node/v12.16.1/lib/node_modules/lerna/node_modules/@lerna/add/index.js:152:14
4 error     at Array.filter (<anonymous>)
4 error     at AddCommand.collectPackagesToChange (/Users/david/.nvm/versions/node/v12.16.1/lib/node_modules/lerna/node_modules/@lerna/add/index.js:144:21)
